[01-08-2021 10:15:49] Error E_WARNING: Attempt to read property "labels" on null in E:\XAMPP\htdocs\Samanta\wp-content\themes\ewebot\functions.php:759
[01-08-2021 10:15:49] Error E_WARNING: Attempt to read property "singular_name" on null in E:\XAMPP\htdocs\Samanta\wp-content\themes\ewebot\functions.php:759
[01-08-2021 10:16:04] Error E_WARNING: Attempt to read property "labels" on null in E:\XAMPP\htdocs\Samanta\wp-content\themes\ewebot\functions.php:759
[01-08-2021 10:16:04] Error E_WARNING: Attempt to read property "singular_name" on null in E:\XAMPP\htdocs\Samanta\wp-content\themes\ewebot\functions.php:759
[01-08-2021 10:17:58] Error E_WARNING: scandir(E:\XAMPP\htdocs\Samanta/wp-content/uploads/fonts//,E:\XAMPP\htdocs\Samanta/wp-content/uploads/fonts//): The system cannot find the file specified (code: 2) in E:\XAMPP\htdocs\Samanta\wp-content\plugins\gt3-themes-core\core\extensions\custom_font\components\custom_font_validator.php:341
[01-08-2021 10:17:58] Error E_WARNING: scandir(E:\XAMPP\htdocs\Samanta/wp-content/uploads/fonts//): Failed to open directory: No such file or directory in E:\XAMPP\htdocs\Samanta\wp-content\plugins\gt3-themes-core\core\extensions\custom_font\components\custom_font_validator.php:341
[01-08-2021 10:17:58] Error E_WARNING: scandir(): (errno 2): No such file or directory in E:\XAMPP\htdocs\Samanta\wp-content\plugins\gt3-themes-core\core\extensions\custom_font\components\custom_font_validator.php:341
[01-08-2021 10:20:27] Error E_WARNING: scandir(E:\XAMPP\htdocs\Samanta/wp-content/uploads/fonts//,E:\XAMPP\htdocs\Samanta/wp-content/uploads/fonts//): The system cannot find the file specified (code: 2) in E:\XAMPP\htdocs\Samanta\wp-content\plugins\gt3-themes-core\core\extensions\custom_font\components\custom_font_validator.php:341
[01-08-2021 10:20:27] Error E_WARNING: scandir(E:\XAMPP\htdocs\Samanta/wp-content/uploads/fonts//): Failed to open directory: No such file or directory in E:\XAMPP\htdocs\Samanta\wp-content\plugins\gt3-themes-core\core\extensions\custom_font\components\custom_font_validator.php:341
[01-08-2021 10:20:27] Error E_WARNING: scandir(): (errno 2): No such file or directory in E:\XAMPP\htdocs\Samanta\wp-content\plugins\gt3-themes-core\core\extensions\custom_font\components\custom_font_validator.php:341
[01-08-2021 10:24:08] Error E_WARNING: Attempt to read property "labels" on null in E:\XAMPP\htdocs\Samanta\wp-content\themes\ewebot\functions.php:759
[01-08-2021 10:24:08] Error E_WARNING: Attempt to read property "singular_name" on null in E:\XAMPP\htdocs\Samanta\wp-content\themes\ewebot\functions.php:759
[01-08-2021 10:24:10] Error E_WARNING: Attempt to read property "labels" on null in E:\XAMPP\htdocs\Samanta\wp-content\themes\ewebot\functions.php:759
[01-08-2021 10:24:10] Error E_WARNING: Attempt to read property "singular_name" on null in E:\XAMPP\htdocs\Samanta\wp-content\themes\ewebot\functions.php:759
[01-08-2021 10:26:08] Error E_WARNING: Trying to access array offset on value of type bool in E:\XAMPP\htdocs\Samanta\wp-content\plugins\elementor\includes\managers\image.php:86
[01-08-2021 10:26:09] Error E_WARNING: Trying to access array offset on value of type bool in E:\XAMPP\htdocs\Samanta\wp-content\plugins\elementor\includes\managers\image.php:86
[01-08-2021 10:26:09] Error E_WARNING: Trying to access array offset on value of type bool in E:\XAMPP\htdocs\Samanta\wp-content\plugins\elementor\includes\managers\image.php:86
[01-08-2021 10:26:09] Error E_WARNING: Trying to access array offset on value of type bool in E:\XAMPP\htdocs\Samanta\wp-content\plugins\elementor\includes\managers\image.php:86
[01-08-2021 10:26:09] Error E_WARNING: Trying to access array offset on value of type bool in E:\XAMPP\htdocs\Samanta\wp-content\plugins\elementor\includes\managers\image.php:86
[01-08-2021 10:26:09] Error E_WARNING: Trying to access array offset on value of type bool in E:\XAMPP\htdocs\Samanta\wp-content\plugins\elementor\includes\managers\image.php:86
[01-08-2021 10:26:09] Error E_WARNING: Trying to access array offset on value of type bool in E:\XAMPP\htdocs\Samanta\wp-content\plugins\elementor\includes\managers\image.php:86
[01-08-2021 10:26:09] Error E_WARNING: Trying to access array offset on value of type bool in E:\XAMPP\htdocs\Samanta\wp-content\plugins\elementor\includes\managers\image.php:86
[01-08-2021 10:26:09] Error E_WARNING: Trying to access array offset on value of type bool in E:\XAMPP\htdocs\Samanta\wp-content\plugins\elementor\includes\managers\image.php:86
[01-08-2021 10:26:09] Error E_WARNING: Trying to access array offset on value of type bool in E:\XAMPP\htdocs\Samanta\wp-content\plugins\elementor\includes\managers\image.php:86
[01-08-2021 10:26:09] Error E_WARNING: Trying to access array offset on value of type bool in E:\XAMPP\htdocs\Samanta\wp-content\plugins\elementor\includes\managers\image.php:86
[01-08-2021 10:26:09] Error E_WARNING: Trying to access array offset on value of type bool in E:\XAMPP\htdocs\Samanta\wp-content\plugins\elementor\includes\managers\image.php:86
[01-08-2021 10:26:09] Error E_WARNING: Trying to access array offset on value of type bool in E:\XAMPP\htdocs\Samanta\wp-content\plugins\elementor\includes\managers\image.php:86
[01-08-2021 10:26:09] Error E_WARNING: Trying to access array offset on value of type bool in E:\XAMPP\htdocs\Samanta\wp-content\plugins\elementor\includes\managers\image.php:86
[01-08-2021 10:26:09] Error E_WARNING: Trying to access array offset on value of type bool in E:\XAMPP\htdocs\Samanta\wp-content\plugins\elementor\includes\managers\image.php:86
[01-08-2021 10:26:09] Error E_WARNING: Trying to access array offset on value of type bool in E:\XAMPP\htdocs\Samanta\wp-content\plugins\elementor\includes\managers\image.php:86
[01-08-2021 10:26:09] Error E_WARNING: Trying to access array offset on value of type bool in E:\XAMPP\htdocs\Samanta\wp-content\plugins\elementor\includes\managers\image.php:86
[01-08-2021 10:26:09] Error E_WARNING: Trying to access array offset on value of type bool in E:\XAMPP\htdocs\Samanta\wp-content\plugins\elementor\includes\managers\image.php:86
[01-08-2021 10:26:09] Error E_WARNING: Trying to access array offset on value of type bool in E:\XAMPP\htdocs\Samanta\wp-content\plugins\elementor\includes\managers\image.php:86
[01-08-2021 10:26:09] Error E_WARNING: Trying to access array offset on value of type bool in E:\XAMPP\htdocs\Samanta\wp-content\plugins\elementor\includes\managers\image.php:86
[01-08-2021 10:26:09] Error E_WARNING: Trying to access array offset on value of type bool in E:\XAMPP\htdocs\Samanta\wp-content\plugins\elementor\includes\managers\image.php:86
[01-08-2021 10:26:09] Error E_WARNING: Trying to access array offset on value of type bool in E:\XAMPP\htdocs\Samanta\wp-content\plugins\elementor\includes\managers\image.php:86
[01-08-2021 10:26:09] Error E_WARNING: Trying to access array offset on value of type bool in E:\XAMPP\htdocs\Samanta\wp-content\plugins\elementor\includes\managers\image.php:86
[01-08-2021 10:26:09] Error E_WARNING: Trying to access array offset on value of type bool in E:\XAMPP\htdocs\Samanta\wp-content\plugins\elementor\includes\managers\image.php:86
[01-08-2021 10:26:09] Error E_WARNING: Trying to access array offset on value of type bool in E:\XAMPP\htdocs\Samanta\wp-content\plugins\elementor\includes\managers\image.php:86
[01-08-2021 10:26:09] Error E_WARNING: Trying to access array offset on value of type bool in E:\XAMPP\htdocs\Samanta\wp-content\plugins\elementor\includes\managers\image.php:86
[01-08-2021 10:26:09] Error E_WARNING: Trying to access array offset on value of type bool in E:\XAMPP\htdocs\Samanta\wp-content\plugins\elementor\includes\managers\image.php:86
[01-08-2021 10:26:09] Error E_WARNING: Trying to access array offset on value of type bool in E:\XAMPP\htdocs\Samanta\wp-content\plugins\elementor\includes\managers\image.php:86
[01-08-2021 10:26:09] Error E_WARNING: Trying to access array offset on value of type bool in E:\XAMPP\htdocs\Samanta\wp-content\plugins\elementor\includes\managers\image.php:86
[01-08-2021 10:26:09] Error E_WARNING: Trying to access array offset on value of type bool in E:\XAMPP\htdocs\Samanta\wp-content\plugins\elementor\includes\managers\image.php:86
[01-08-2021 10:26:09] Error E_WARNING: Trying to access array offset on value of type bool in E:\XAMPP\htdocs\Samanta\wp-content\plugins\elementor\includes\managers\image.php:86
[01-08-2021 10:26:09] Error E_WARNING: Trying to access array offset on value of type bool in E:\XAMPP\htdocs\Samanta\wp-content\plugins\elementor\includes\managers\image.php:86
[01-08-2021 10:26:09] Error E_WARNING: Trying to access array offset on value of type bool in E:\XAMPP\htdocs\Samanta\wp-content\plugins\elementor\includes\managers\image.php:86
[01-08-2021 10:26:09] Error E_WARNING: Trying to access array offset on value of type bool in E:\XAMPP\htdocs\Samanta\wp-content\plugins\elementor\includes\managers\image.php:86
[01-08-2021 10:26:09] Error E_WARNING: Trying to access array offset on value of type bool in E:\XAMPP\htdocs\Samanta\wp-content\plugins\elementor\includes\managers\image.php:86
[01-08-2021 10:26:09] Error E_WARNING: Trying to access array offset on value of type bool in E:\XAMPP\htdocs\Samanta\wp-content\plugins\elementor\includes\managers\image.php:86
[01-08-2021 10:26:09] Error E_WARNING: Trying to access array offset on value of type bool in E:\XAMPP\htdocs\Samanta\wp-content\plugins\elementor\includes\managers\image.php:86
[01-08-2021 10:26:09] Error E_WARNING: Trying to access array offset on value of type bool in E:\XAMPP\htdocs\Samanta\wp-content\plugins\elementor\includes\managers\image.php:86
[01-08-2021 10:26:09] Error E_WARNING: Trying to access array offset on value of type bool in E:\XAMPP\htdocs\Samanta\wp-content\plugins\elementor\includes\managers\image.php:86
[01-08-2021 10:26:09] Error E_WARNING: Trying to access array offset on value of type bool in E:\XAMPP\htdocs\Samanta\wp-content\plugins\elementor\includes\managers\image.php:86
[01-08-2021 10:26:09] Error E_WARNING: Trying to access array offset on value of type bool in E:\XAMPP\htdocs\Samanta\wp-content\plugins\elementor\includes\managers\image.php:86
[01-08-2021 10:26:09] Error E_WARNING: Trying to access array offset on value of type bool in E:\XAMPP\htdocs\Samanta\wp-content\plugins\elementor\includes\managers\image.php:86
[01-08-2021 10:26:09] Error E_WARNING: Trying to access array offset on value of type bool in E:\XAMPP\htdocs\Samanta\wp-content\plugins\elementor\includes\managers\image.php:86
[01-08-2021 10:26:09] Error E_WARNING: Trying to access array offset on value of type bool in E:\XAMPP\htdocs\Samanta\wp-content\plugins\elementor\includes\managers\image.php:86
[01-08-2021 10:26:09] Error E_WARNING: Trying to access array offset on value of type bool in E:\XAMPP\htdocs\Samanta\wp-content\plugins\elementor\includes\managers\image.php:86
[01-08-2021 10:26:09] Error E_WARNING: Attempt to read property "labels" on null in E:\XAMPP\htdocs\Samanta\wp-content\themes\ewebot\functions.php:759
[01-08-2021 10:26:09] Error E_WARNING: Attempt to read property "singular_name" on null in E:\XAMPP\htdocs\Samanta\wp-content\themes\ewebot\functions.php:759
[01-08-2021 10:30:07] Error E_WARNING: Trying to access array offset on value of type bool in E:\XAMPP\htdocs\Samanta\wp-content\plugins\elementor\includes\managers\image.php:86
[01-08-2021 10:30:07] Error E_WARNING: Trying to access array offset on value of type bool in E:\XAMPP\htdocs\Samanta\wp-content\plugins\elementor\includes\managers\image.php:86
[01-08-2021 10:30:07] Error E_WARNING: Trying to access array offset on value of type bool in E:\XAMPP\htdocs\Samanta\wp-content\plugins\elementor\includes\managers\image.php:86
[01-08-2021 10:30:07] Error E_WARNING: Trying to access array offset on value of type bool in E:\XAMPP\htdocs\Samanta\wp-content\plugins\elementor\includes\managers\image.php:86
[01-08-2021 10:30:07] Error E_WARNING: Trying to access array offset on value of type bool in E:\XAMPP\htdocs\Samanta\wp-content\plugins\elementor\includes\managers\image.php:86
[01-08-2021 10:30:07] Error E_WARNING: Trying to access array offset on value of type bool in E:\XAMPP\htdocs\Samanta\wp-content\plugins\elementor\includes\managers\image.php:86
[01-08-2021 10:30:07] Error E_WARNING: Trying to access array offset on value of type bool in E:\XAMPP\htdocs\Samanta\wp-content\plugins\elementor\includes\managers\image.php:86
[01-08-2021 10:30:07] Error E_WARNING: Trying to access array offset on value of type bool in E:\XAMPP\htdocs\Samanta\wp-content\plugins\elementor\includes\managers\image.php:86
[01-08-2021 10:30:07] Error E_WARNING: Trying to access array offset on value of type bool in E:\XAMPP\htdocs\Samanta\wp-content\plugins\elementor\includes\managers\image.php:86
[01-08-2021 10:30:07] Error E_WARNING: Trying to access array offset on value of type bool in E:\XAMPP\htdocs\Samanta\wp-content\plugins\elementor\includes\managers\image.php:86
[01-08-2021 10:30:07] Error E_WARNING: Trying to access array offset on value of type bool in E:\XAMPP\htdocs\Samanta\wp-content\plugins\elementor\includes\managers\image.php:86
[01-08-2021 10:30:07] Error E_WARNING: Trying to access array offset on value of type bool in E:\XAMPP\htdocs\Samanta\wp-content\plugins\elementor\includes\managers\image.php:86
[01-08-2021 10:30:07] Error E_WARNING: Trying to access array offset on value of type bool in E:\XAMPP\htdocs\Samanta\wp-content\plugins\elementor\includes\managers\image.php:86
[01-08-2021 10:30:07] Error E_WARNING: Trying to access array offset on value of type bool in E:\XAMPP\htdocs\Samanta\wp-content\plugins\elementor\includes\managers\image.php:86
[01-08-2021 10:30:07] Error E_WARNING: Trying to access array offset on value of type bool in E:\XAMPP\htdocs\Samanta\wp-content\plugins\elementor\includes\managers\image.php:86
[01-08-2021 10:30:07] Error E_WARNING: Trying to access array offset on value of type bool in E:\XAMPP\htdocs\Samanta\wp-content\plugins\elementor\includes\managers\image.php:86
[01-08-2021 10:30:07] Error E_WARNING: Trying to access array offset on value of type bool in E:\XAMPP\htdocs\Samanta\wp-content\plugins\elementor\includes\managers\image.php:86
[01-08-2021 10:30:07] Error E_WARNING: Trying to access array offset on value of type bool in E:\XAMPP\htdocs\Samanta\wp-content\plugins\elementor\includes\managers\image.php:86
[01-08-2021 10:30:07] Error E_WARNING: Trying to access array offset on value of type bool in E:\XAMPP\htdocs\Samanta\wp-content\plugins\elementor\includes\managers\image.php:86
[01-08-2021 10:30:07] Error E_WARNING: Trying to access array offset on value of type bool in E:\XAMPP\htdocs\Samanta\wp-content\plugins\elementor\includes\managers\image.php:86
[01-08-2021 10:30:07] Error E_WARNING: Trying to access array offset on value of type bool in E:\XAMPP\htdocs\Samanta\wp-content\plugins\elementor\includes\managers\image.php:86
[01-08-2021 10:30:07] Error E_WARNING: Trying to access array offset on value of type bool in E:\XAMPP\htdocs\Samanta\wp-content\plugins\elementor\includes\managers\image.php:86
[01-08-2021 10:30:07] Error E_WARNING: Trying to access array offset on value of type bool in E:\XAMPP\htdocs\Samanta\wp-content\plugins\elementor\includes\managers\image.php:86
[01-08-2021 10:30:07] Error E_WARNING: Trying to access array offset on value of type bool in E:\XAMPP\htdocs\Samanta\wp-content\plugins\elementor\includes\managers\image.php:86
[01-08-2021 10:30:07] Error E_WARNING: Trying to access array offset on value of type bool in E:\XAMPP\htdocs\Samanta\wp-content\plugins\elementor\includes\managers\image.php:86
[01-08-2021 10:30:07] Error E_WARNING: Trying to access array offset on value of type bool in E:\XAMPP\htdocs\Samanta\wp-content\plugins\elementor\includes\managers\image.php:86
[01-08-2021 10:30:07] Error E_WARNING: Trying to access array offset on value of type bool in E:\XAMPP\htdocs\Samanta\wp-content\plugins\elementor\includes\managers\image.php:86
[01-08-2021 10:30:07] Error E_WARNING: Trying to access array offset on value of type bool in E:\XAMPP\htdocs\Samanta\wp-content\plugins\elementor\includes\managers\image.php:86
[01-08-2021 10:30:07] Error E_WARNING: Trying to access array offset on value of type bool in E:\XAMPP\htdocs\Samanta\wp-content\plugins\elementor\includes\managers\image.php:86
[01-08-2021 10:30:07] Error E_WARNING: Trying to access array offset on value of type bool in E:\XAMPP\htdocs\Samanta\wp-content\plugins\elementor\includes\managers\image.php:86
[01-08-2021 10:30:07] Error E_WARNING: Trying to access array offset on value of type bool in E:\XAMPP\htdocs\Samanta\wp-content\plugins\elementor\includes\managers\image.php:86
[01-08-2021 10:30:07] Error E_WARNING: Trying to access array offset on value of type bool in E:\XAMPP\htdocs\Samanta\wp-content\plugins\elementor\includes\managers\image.php:86
[01-08-2021 10:30:07] Error E_WARNING: Trying to access array offset on value of type bool in E:\XAMPP\htdocs\Samanta\wp-content\plugins\elementor\includes\managers\image.php:86
[01-08-2021 10:30:07] Error E_WARNING: Trying to access array offset on value of type bool in E:\XAMPP\htdocs\Samanta\wp-content\plugins\elementor\includes\managers\image.php:86
[01-08-2021 10:30:07] Error E_WARNING: Trying to access array offset on value of type bool in E:\XAMPP\htdocs\Samanta\wp-content\plugins\elementor\includes\managers\image.php:86
[01-08-2021 10:30:07] Error E_WARNING: Trying to access array offset on value of type bool in E:\XAMPP\htdocs\Samanta\wp-content\plugins\elementor\includes\managers\image.php:86
[01-08-2021 10:30:07] Error E_WARNING: Trying to access array offset on value of type bool in E:\XAMPP\htdocs\Samanta\wp-content\plugins\elementor\includes\managers\image.php:86
[01-08-2021 10:30:07] Error E_WARNING: Trying to access array offset on value of type bool in E:\XAMPP\htdocs\Samanta\wp-content\plugins\elementor\includes\managers\image.php:86
[01-08-2021 10:30:08] Error E_WARNING: Trying to access array offset on value of type bool in E:\XAMPP\htdocs\Samanta\wp-content\plugins\elementor\includes\managers\image.php:86
[01-08-2021 10:30:08] Error E_WARNING: Trying to access array offset on value of type bool in E:\XAMPP\htdocs\Samanta\wp-content\plugins\elementor\includes\managers\image.php:86
[01-08-2021 10:30:08] Error E_WARNING: Trying to access array offset on value of type bool in E:\XAMPP\htdocs\Samanta\wp-content\plugins\elementor\includes\managers\image.php:86
[01-08-2021 10:30:08] Error E_WARNING: Trying to access array offset on value of type bool in E:\XAMPP\htdocs\Samanta\wp-content\plugins\elementor\includes\managers\image.php:86
[01-08-2021 10:30:08] Error E_WARNING: Trying to access array offset on value of type bool in E:\XAMPP\htdocs\Samanta\wp-content\plugins\elementor\includes\managers\image.php:86
[01-08-2021 10:30:08] Error E_WARNING: Trying to access array offset on value of type bool in E:\XAMPP\htdocs\Samanta\wp-content\plugins\elementor\includes\managers\image.php:86
[01-08-2021 10:30:08] Error E_WARNING: Trying to access array offset on value of type bool in E:\XAMPP\htdocs\Samanta\wp-content\plugins\elementor\includes\managers\image.php:86
[01-08-2021 10:37:46] Error E_WARNING: scandir(E:\XAMPP\htdocs\Samanta/wp-content/uploads/fonts//,E:\XAMPP\htdocs\Samanta/wp-content/uploads/fonts//): The system cannot find the file specified (code: 2) in E:\XAMPP\htdocs\Samanta\wp-content\plugins\gt3-themes-core\core\extensions\custom_font\components\custom_font_validator.php:341
[01-08-2021 10:37:46] Error E_WARNING: scandir(E:\XAMPP\htdocs\Samanta/wp-content/uploads/fonts//): Failed to open directory: No such file or directory in E:\XAMPP\htdocs\Samanta\wp-content\plugins\gt3-themes-core\core\extensions\custom_font\components\custom_font_validator.php:341
[01-08-2021 10:37:46] Error E_WARNING: scandir(): (errno 2): No such file or directory in E:\XAMPP\htdocs\Samanta\wp-content\plugins\gt3-themes-core\core\extensions\custom_font\components\custom_font_validator.php:341
[01-08-2021 10:38:21] Error E_WARNING: scandir(E:\XAMPP\htdocs\Samanta/wp-content/uploads/fonts//,E:\XAMPP\htdocs\Samanta/wp-content/uploads/fonts//): The system cannot find the file specified (code: 2) in E:\XAMPP\htdocs\Samanta\wp-content\plugins\gt3-themes-core\core\extensions\custom_font\components\custom_font_validator.php:341
[01-08-2021 10:38:21] Error E_WARNING: scandir(E:\XAMPP\htdocs\Samanta/wp-content/uploads/fonts//): Failed to open directory: No such file or directory in E:\XAMPP\htdocs\Samanta\wp-content\plugins\gt3-themes-core\core\extensions\custom_font\components\custom_font_validator.php:341
[01-08-2021 10:38:21] Error E_WARNING: scandir(): (errno 2): No such file or directory in E:\XAMPP\htdocs\Samanta\wp-content\plugins\gt3-themes-core\core\extensions\custom_font\components\custom_font_validator.php:341
[01-08-2021 10:39:58] Error E_WARNING: Trying to access array offset on value of type bool in E:\XAMPP\htdocs\Samanta\wp-content\plugins\elementor\includes\managers\image.php:86
[01-08-2021 10:39:58] Error E_WARNING: Trying to access array offset on value of type bool in E:\XAMPP\htdocs\Samanta\wp-content\plugins\elementor\includes\managers\image.php:86
[01-08-2021 10:39:58] Error E_WARNING: Trying to access array offset on value of type bool in E:\XAMPP\htdocs\Samanta\wp-content\plugins\elementor\includes\managers\image.php:86
[01-08-2021 10:39:58] Error E_WARNING: Trying to access array offset on value of type bool in E:\XAMPP\htdocs\Samanta\wp-content\plugins\elementor\includes\managers\image.php:86
[01-08-2021 10:39:58] Error E_WARNING: Trying to access array offset on value of type bool in E:\XAMPP\htdocs\Samanta\wp-content\plugins\elementor\includes\managers\image.php:86
[01-08-2021 10:39:58] Error E_WARNING: Trying to access array offset on value of type bool in E:\XAMPP\htdocs\Samanta\wp-content\plugins\elementor\includes\managers\image.php:86
[01-08-2021 10:39:58] Error E_WARNING: Trying to access array offset on value of type bool in E:\XAMPP\htdocs\Samanta\wp-content\plugins\elementor\includes\managers\image.php:86
[01-08-2021 10:39:58] Error E_WARNING: Trying to access array offset on value of type bool in E:\XAMPP\htdocs\Samanta\wp-content\plugins\elementor\includes\managers\image.php:86
[01-08-2021 10:39:58] Error E_WARNING: Trying to access array offset on value of type bool in E:\XAMPP\htdocs\Samanta\wp-content\plugins\elementor\includes\managers\image.php:86
[01-08-2021 10:39:58] Error E_WARNING: Trying to access array offset on value of type bool in E:\XAMPP\htdocs\Samanta\wp-content\plugins\elementor\includes\managers\image.php:86
[01-08-2021 10:39:58] Error E_WARNING: Trying to access array offset on value of type bool in E:\XAMPP\htdocs\Samanta\wp-content\plugins\elementor\includes\managers\image.php:86
[01-08-2021 10:39:58] Error E_WARNING: Trying to access array offset on value of type bool in E:\XAMPP\htdocs\Samanta\wp-content\plugins\elementor\includes\managers\image.php:86
[01-08-2021 10:39:58] Error E_WARNING: Trying to access array offset on value of type bool in E:\XAMPP\htdocs\Samanta\wp-content\plugins\elementor\includes\managers\image.php:86
[01-08-2021 10:39:58] Error E_WARNING: Trying to access array offset on value of type bool in E:\XAMPP\htdocs\Samanta\wp-content\plugins\elementor\includes\managers\image.php:86
[01-08-2021 10:39:58] Error E_WARNING: Trying to access array offset on value of type bool in E:\XAMPP\htdocs\Samanta\wp-content\plugins\elementor\includes\managers\image.php:86
[01-08-2021 10:39:58] Error E_WARNING: Trying to access array offset on value of type bool in E:\XAMPP\htdocs\Samanta\wp-content\plugins\elementor\includes\managers\image.php:86
[01-08-2021 10:39:58] Error E_WARNING: Trying to access array offset on value of type bool in E:\XAMPP\htdocs\Samanta\wp-content\plugins\elementor\includes\managers\image.php:86
[01-08-2021 10:39:58] Error E_WARNING: Trying to access array offset on value of type bool in E:\XAMPP\htdocs\Samanta\wp-content\plugins\elementor\includes\managers\image.php:86
[01-08-2021 10:39:58] Error E_WARNING: Trying to access array offset on value of type bool in E:\XAMPP\htdocs\Samanta\wp-content\plugins\elementor\includes\managers\image.php:86
[01-08-2021 10:39:58] Error E_WARNING: Trying to access array offset on value of type bool in E:\XAMPP\htdocs\Samanta\wp-content\plugins\elementor\includes\managers\image.php:86
[01-08-2021 10:39:58] Error E_WARNING: Trying to access array offset on value of type bool in E:\XAMPP\htdocs\Samanta\wp-content\plugins\elementor\includes\managers\image.php:86
[01-08-2021 10:39:58] Error E_WARNING: Trying to access array offset on value of type bool in E:\XAMPP\htdocs\Samanta\wp-content\plugins\elementor\includes\managers\image.php:86
[01-08-2021 10:39:58] Error E_WARNING: Trying to access array offset on value of type bool in E:\XAMPP\htdocs\Samanta\wp-content\plugins\elementor\includes\managers\image.php:86
[01-08-2021 10:39:58] Error E_WARNING: Trying to access array offset on value of type bool in E:\XAMPP\htdocs\Samanta\wp-content\plugins\elementor\includes\managers\image.php:86
[01-08-2021 10:39:58] Error E_WARNING: Trying to access array offset on value of type bool in E:\XAMPP\htdocs\Samanta\wp-content\plugins\elementor\includes\managers\image.php:86
[01-08-2021 10:39:58] Error E_WARNING: Trying to access array offset on value of type bool in E:\XAMPP\htdocs\Samanta\wp-content\plugins\elementor\includes\managers\image.php:86
[01-08-2021 10:39:58] Error E_WARNING: Trying to access array offset on value of type bool in E:\XAMPP\htdocs\Samanta\wp-content\plugins\elementor\includes\managers\image.php:86
[01-08-2021 10:39:58] Error E_WARNING: Trying to access array offset on value of type bool in E:\XAMPP\htdocs\Samanta\wp-content\plugins\elementor\includes\managers\image.php:86
[01-08-2021 10:39:58] Error E_WARNING: Trying to access array offset on value of type bool in E:\XAMPP\htdocs\Samanta\wp-content\plugins\elementor\includes\managers\image.php:86
[01-08-2021 10:39:58] Error E_WARNING: Trying to access array offset on value of type bool in E:\XAMPP\htdocs\Samanta\wp-content\plugins\elementor\includes\managers\image.php:86
[01-08-2021 10:39:58] Error E_WARNING: Trying to access array offset on value of type bool in E:\XAMPP\htdocs\Samanta\wp-content\plugins\elementor\includes\managers\image.php:86
[01-08-2021 10:39:58] Error E_WARNING: Trying to access array offset on value of type bool in E:\XAMPP\htdocs\Samanta\wp-content\plugins\elementor\includes\managers\image.php:86
[01-08-2021 10:39:58] Error E_WARNING: Trying to access array offset on value of type bool in E:\XAMPP\htdocs\Samanta\wp-content\plugins\elementor\includes\managers\image.php:86
[01-08-2021 10:39:58] Error E_WARNING: Trying to access array offset on value of type bool in E:\XAMPP\htdocs\Samanta\wp-content\plugins\elementor\includes\managers\image.php:86
[01-08-2021 10:39:58] Error E_WARNING: Trying to access array offset on value of type bool in E:\XAMPP\htdocs\Samanta\wp-content\plugins\elementor\includes\managers\image.php:86
[01-08-2021 10:39:58] Error E_WARNING: Trying to access array offset on value of type bool in E:\XAMPP\htdocs\Samanta\wp-content\plugins\elementor\includes\managers\image.php:86
[01-08-2021 10:39:58] Error E_WARNING: Trying to access array offset on value of type bool in E:\XAMPP\htdocs\Samanta\wp-content\plugins\elementor\includes\managers\image.php:86
[01-08-2021 10:39:58] Error E_WARNING: Trying to access array offset on value of type bool in E:\XAMPP\htdocs\Samanta\wp-content\plugins\elementor\includes\managers\image.php:86
[01-08-2021 10:39:58] Error E_WARNING: Trying to access array offset on value of type bool in E:\XAMPP\htdocs\Samanta\wp-content\plugins\elementor\includes\managers\image.php:86
[01-08-2021 10:39:58] Error E_WARNING: Trying to access array offset on value of type bool in E:\XAMPP\htdocs\Samanta\wp-content\plugins\elementor\includes\managers\image.php:86
[01-08-2021 10:39:58] Error E_WARNING: Trying to access array offset on value of type bool in E:\XAMPP\htdocs\Samanta\wp-content\plugins\elementor\includes\managers\image.php:86
[01-08-2021 10:39:58] Error E_WARNING: Trying to access array offset on value of type bool in E:\XAMPP\htdocs\Samanta\wp-content\plugins\elementor\includes\managers\image.php:86
[01-08-2021 10:39:58] Error E_WARNING: Trying to access array offset on value of type bool in E:\XAMPP\htdocs\Samanta\wp-content\plugins\elementor\includes\managers\image.php:86
[01-08-2021 10:39:58] Error E_WARNING: Trying to access array offset on value of type bool in E:\XAMPP\htdocs\Samanta\wp-content\plugins\elementor\includes\managers\image.php:86
[01-08-2021 10:39:58] Error E_WARNING: Trying to access array offset on value of type bool in E:\XAMPP\htdocs\Samanta\wp-content\plugins\elementor\includes\managers\image.php:86
[01-08-2021 10:43:32] Error E_WARNING: Trying to access array offset on value of type bool in E:\XAMPP\htdocs\Samanta\wp-content\plugins\elementor\includes\managers\image.php:86
[01-08-2021 10:43:32] Error E_WARNING: Trying to access array offset on value of type bool in E:\XAMPP\htdocs\Samanta\wp-content\plugins\elementor\includes\managers\image.php:86
[01-08-2021 10:43:32] Error E_WARNING: Trying to access array offset on value of type bool in E:\XAMPP\htdocs\Samanta\wp-content\plugins\elementor\includes\managers\image.php:86
[01-08-2021 10:43:32] Error E_WARNING: Trying to access array offset on value of type bool in E:\XAMPP\htdocs\Samanta\wp-content\plugins\elementor\includes\managers\image.php:86
[01-08-2021 10:43:32] Error E_WARNING: Trying to access array offset on value of type bool in E:\XAMPP\htdocs\Samanta\wp-content\plugins\elementor\includes\managers\image.php:86
[01-08-2021 10:43:32] Error E_WARNING: Trying to access array offset on value of type bool in E:\XAMPP\htdocs\Samanta\wp-content\plugins\elementor\includes\managers\image.php:86
[01-08-2021 10:43:32] Error E_WARNING: Trying to access array offset on value of type bool in E:\XAMPP\htdocs\Samanta\wp-content\plugins\elementor\includes\managers\image.php:86
[01-08-2021 10:43:32] Error E_WARNING: Trying to access array offset on value of type bool in E:\XAMPP\htdocs\Samanta\wp-content\plugins\elementor\includes\managers\image.php:86
[01-08-2021 10:43:32] Error E_WARNING: Trying to access array offset on value of type bool in E:\XAMPP\htdocs\Samanta\wp-content\plugins\elementor\includes\managers\image.php:86
[01-08-2021 10:43:32] Error E_WARNING: Trying to access array offset on value of type bool in E:\XAMPP\htdocs\Samanta\wp-content\plugins\elementor\includes\managers\image.php:86
[01-08-2021 10:43:32] Error E_WARNING: Trying to access array offset on value of type bool in E:\XAMPP\htdocs\Samanta\wp-content\plugins\elementor\includes\managers\image.php:86
[01-08-2021 10:43:32] Error E_WARNING: Trying to access array offset on value of type bool in E:\XAMPP\htdocs\Samanta\wp-content\plugins\elementor\includes\managers\image.php:86
[01-08-2021 10:43:32] Error E_WARNING: Trying to access array offset on value of type bool in E:\XAMPP\htdocs\Samanta\wp-content\plugins\elementor\includes\managers\image.php:86
[01-08-2021 10:43:32] Error E_WARNING: Trying to access array offset on value of type bool in E:\XAMPP\htdocs\Samanta\wp-content\plugins\elementor\includes\managers\image.php:86
[01-08-2021 10:43:32] Error E_WARNING: Trying to access array offset on value of type bool in E:\XAMPP\htdocs\Samanta\wp-content\plugins\elementor\includes\managers\image.php:86
[01-08-2021 10:43:32] Error E_WARNING: Trying to access array offset on value of type bool in E:\XAMPP\htdocs\Samanta\wp-content\plugins\elementor\includes\managers\image.php:86
[01-08-2021 10:43:32] Error E_WARNING: Trying to access array offset on value of type bool in E:\XAMPP\htdocs\Samanta\wp-content\plugins\elementor\includes\managers\image.php:86
[01-08-2021 10:43:32] Error E_WARNING: Trying to access array offset on value of type bool in E:\XAMPP\htdocs\Samanta\wp-content\plugins\elementor\includes\managers\image.php:86
[01-08-2021 10:43:32] Error E_WARNING: Trying to access array offset on value of type bool in E:\XAMPP\htdocs\Samanta\wp-content\plugins\elementor\includes\managers\image.php:86
[01-08-2021 10:43:32] Error E_WARNING: Trying to access array offset on value of type bool in E:\XAMPP\htdocs\Samanta\wp-content\plugins\elementor\includes\managers\image.php:86
[01-08-2021 10:43:32] Error E_WARNING: Trying to access array offset on value of type bool in E:\XAMPP\htdocs\Samanta\wp-content\plugins\elementor\includes\managers\image.php:86
[01-08-2021 10:43:32] Error E_WARNING: Trying to access array offset on value of type bool in E:\XAMPP\htdocs\Samanta\wp-content\plugins\elementor\includes\managers\image.php:86
[01-08-2021 10:43:32] Error E_WARNING: Trying to access array offset on value of type bool in E:\XAMPP\htdocs\Samanta\wp-content\plugins\elementor\includes\managers\image.php:86
[01-08-2021 10:43:32] Error E_WARNING: Trying to access array offset on value of type bool in E:\XAMPP\htdocs\Samanta\wp-content\plugins\elementor\includes\managers\image.php:86
[01-08-2021 10:43:32] Error E_WARNING: Trying to access array offset on value of type bool in E:\XAMPP\htdocs\Samanta\wp-content\plugins\elementor\includes\managers\image.php:86
[01-08-2021 10:43:32] Error E_WARNING: Trying to access array offset on value of type bool in E:\XAMPP\htdocs\Samanta\wp-content\plugins\elementor\includes\managers\image.php:86
[01-08-2021 10:43:32] Error E_WARNING: Trying to access array offset on value of type bool in E:\XAMPP\htdocs\Samanta\wp-content\plugins\elementor\includes\managers\image.php:86
[01-08-2021 10:43:32] Error E_WARNING: Trying to access array offset on value of type bool in E:\XAMPP\htdocs\Samanta\wp-content\plugins\elementor\includes\managers\image.php:86
[01-08-2021 10:43:32] Error E_WARNING: Trying to access array offset on value of type bool in E:\XAMPP\htdocs\Samanta\wp-content\plugins\elementor\includes\managers\image.php:86
[01-08-2021 10:43:32] Error E_WARNING: Trying to access array offset on value of type bool in E:\XAMPP\htdocs\Samanta\wp-content\plugins\elementor\includes\managers\image.php:86
[01-08-2021 10:43:32] Error E_WARNING: Trying to access array offset on value of type bool in E:\XAMPP\htdocs\Samanta\wp-content\plugins\elementor\includes\managers\image.php:86
[01-08-2021 10:43:32] Error E_WARNING: Trying to access array offset on value of type bool in E:\XAMPP\htdocs\Samanta\wp-content\plugins\elementor\includes\managers\image.php:86
[01-08-2021 10:43:32] Error E_WARNING: Trying to access array offset on value of type bool in E:\XAMPP\htdocs\Samanta\wp-content\plugins\elementor\includes\managers\image.php:86
[01-08-2021 10:43:32] Error E_WARNING: Trying to access array offset on value of type bool in E:\XAMPP\htdocs\Samanta\wp-content\plugins\elementor\includes\managers\image.php:86
[01-08-2021 10:43:32] Error E_WARNING: Trying to access array offset on value of type bool in E:\XAMPP\htdocs\Samanta\wp-content\plugins\elementor\includes\managers\image.php:86
[01-08-2021 10:43:32] Error E_WARNING: Trying to access array offset on value of type bool in E:\XAMPP\htdocs\Samanta\wp-content\plugins\elementor\includes\managers\image.php:86
[01-08-2021 10:43:32] Error E_WARNING: Trying to access array offset on value of type bool in E:\XAMPP\htdocs\Samanta\wp-content\plugins\elementor\includes\managers\image.php:86
[01-08-2021 10:43:32] Error E_WARNING: Trying to access array offset on value of type bool in E:\XAMPP\htdocs\Samanta\wp-content\plugins\elementor\includes\managers\image.php:86
[01-08-2021 10:43:32] Error E_WARNING: Trying to access array offset on value of type bool in E:\XAMPP\htdocs\Samanta\wp-content\plugins\elementor\includes\managers\image.php:86
[01-08-2021 10:43:32] Error E_WARNING: Trying to access array offset on value of type bool in E:\XAMPP\htdocs\Samanta\wp-content\plugins\elementor\includes\managers\image.php:86
[01-08-2021 10:43:32] Error E_WARNING: Trying to access array offset on value of type bool in E:\XAMPP\htdocs\Samanta\wp-content\plugins\elementor\includes\managers\image.php:86
[01-08-2021 10:43:32] Error E_WARNING: Trying to access array offset on value of type bool in E:\XAMPP\htdocs\Samanta\wp-content\plugins\elementor\includes\managers\image.php:86
[01-08-2021 10:43:32] Error E_WARNING: Trying to access array offset on value of type bool in E:\XAMPP\htdocs\Samanta\wp-content\plugins\elementor\includes\managers\image.php:86
[01-08-2021 10:43:32] Error E_WARNING: Trying to access array offset on value of type bool in E:\XAMPP\htdocs\Samanta\wp-content\plugins\elementor\includes\managers\image.php:86
[01-08-2021 10:43:32] Error E_WARNING: Trying to access array offset on value of type bool in E:\XAMPP\htdocs\Samanta\wp-content\plugins\elementor\includes\managers\image.php:86
[01-08-2021 10:48:25] Error E_WARNING: Trying to access array offset on value of type bool in E:\XAMPP\htdocs\Samanta\wp-content\plugins\elementor\includes\managers\image.php:86
[01-08-2021 10:48:25] Error E_WARNING: Trying to access array offset on value of type bool in E:\XAMPP\htdocs\Samanta\wp-content\plugins\elementor\includes\managers\image.php:86
[01-08-2021 10:48:25] Error E_WARNING: Trying to access array offset on value of type bool in E:\XAMPP\htdocs\Samanta\wp-content\plugins\elementor\includes\managers\image.php:86
[01-08-2021 10:48:25] Error E_WARNING: Trying to access array offset on value of type bool in E:\XAMPP\htdocs\Samanta\wp-content\plugins\elementor\includes\managers\image.php:86
[01-08-2021 10:48:25] Error E_WARNING: Trying to access array offset on value of type bool in E:\XAMPP\htdocs\Samanta\wp-content\plugins\elementor\includes\managers\image.php:86
[01-08-2021 10:48:25] Error E_WARNING: Trying to access array offset on value of type bool in E:\XAMPP\htdocs\Samanta\wp-content\plugins\elementor\includes\managers\image.php:86
[01-08-2021 10:48:25] Error E_WARNING: Trying to access array offset on value of type bool in E:\XAMPP\htdocs\Samanta\wp-content\plugins\elementor\includes\managers\image.php:86
[01-08-2021 10:48:25] Error E_WARNING: Trying to access array offset on value of type bool in E:\XAMPP\htdocs\Samanta\wp-content\plugins\elementor\includes\managers\image.php:86
[01-08-2021 10:48:25] Error E_WARNING: Trying to access array offset on value of type bool in E:\XAMPP\htdocs\Samanta\wp-content\plugins\elementor\includes\managers\image.php:86
[01-08-2021 10:48:25] Error E_WARNING: Trying to access array offset on value of type bool in E:\XAMPP\htdocs\Samanta\wp-content\plugins\elementor\includes\managers\image.php:86
[01-08-2021 10:48:25] Error E_WARNING: Trying to access array offset on value of type bool in E:\XAMPP\htdocs\Samanta\wp-content\plugins\elementor\includes\managers\image.php:86
[01-08-2021 10:48:25] Error E_WARNING: Trying to access array offset on value of type bool in E:\XAMPP\htdocs\Samanta\wp-content\plugins\elementor\includes\managers\image.php:86
[01-08-2021 10:48:25] Error E_WARNING: Trying to access array offset on value of type bool in E:\XAMPP\htdocs\Samanta\wp-content\plugins\elementor\includes\managers\image.php:86
[01-08-2021 10:48:25] Error E_WARNING: Trying to access array offset on value of type bool in E:\XAMPP\htdocs\Samanta\wp-content\plugins\elementor\includes\managers\image.php:86
[01-08-2021 10:48:25] Error E_WARNING: Trying to access array offset on value of type bool in E:\XAMPP\htdocs\Samanta\wp-content\plugins\elementor\includes\managers\image.php:86
[01-08-2021 10:48:25] Error E_WARNING: Trying to access array offset on value of type bool in E:\XAMPP\htdocs\Samanta\wp-content\plugins\elementor\includes\managers\image.php:86
[01-08-2021 10:48:25] Error E_WARNING: Trying to access array offset on value of type bool in E:\XAMPP\htdocs\Samanta\wp-content\plugins\elementor\includes\managers\image.php:86
[01-08-2021 10:48:25] Error E_WARNING: Trying to access array offset on value of type bool in E:\XAMPP\htdocs\Samanta\wp-content\plugins\elementor\includes\managers\image.php:86
[01-08-2021 10:48:25] Error E_WARNING: Trying to access array offset on value of type bool in E:\XAMPP\htdocs\Samanta\wp-content\plugins\elementor\includes\managers\image.php:86
[01-08-2021 10:48:25] Error E_WARNING: Trying to access array offset on value of type bool in E:\XAMPP\htdocs\Samanta\wp-content\plugins\elementor\includes\managers\image.php:86
[01-08-2021 10:48:25] Error E_WARNING: Trying to access array offset on value of type bool in E:\XAMPP\htdocs\Samanta\wp-content\plugins\elementor\includes\managers\image.php:86
[01-08-2021 10:48:25] Error E_WARNING: Trying to access array offset on value of type bool in E:\XAMPP\htdocs\Samanta\wp-content\plugins\elementor\includes\managers\image.php:86
[01-08-2021 10:48:25] Error E_WARNING: Trying to access array offset on value of type bool in E:\XAMPP\htdocs\Samanta\wp-content\plugins\elementor\includes\managers\image.php:86
[01-08-2021 10:48:25] Error E_WARNING: Trying to access array offset on value of type bool in E:\XAMPP\htdocs\Samanta\wp-content\plugins\elementor\includes\managers\image.php:86
[01-08-2021 10:48:26] Error E_WARNING: Trying to access array offset on value of type bool in E:\XAMPP\htdocs\Samanta\wp-content\plugins\elementor\includes\managers\image.php:86
[01-08-2021 10:48:26] Error E_WARNING: Trying to access array offset on value of type bool in E:\XAMPP\htdocs\Samanta\wp-content\plugins\elementor\includes\managers\image.php:86
[01-08-2021 10:48:26] Error E_WARNING: Trying to access array offset on value of type bool in E:\XAMPP\htdocs\Samanta\wp-content\plugins\elementor\includes\managers\image.php:86
[01-08-2021 10:48:26] Error E_WARNING: Trying to access array offset on value of type bool in E:\XAMPP\htdocs\Samanta\wp-content\plugins\elementor\includes\managers\image.php:86
[01-08-2021 10:48:26] Error E_WARNING: Trying to access array offset on value of type bool in E:\XAMPP\htdocs\Samanta\wp-content\plugins\elementor\includes\managers\image.php:86
[01-08-2021 10:48:26] Error E_WARNING: Trying to access array offset on value of type bool in E:\XAMPP\htdocs\Samanta\wp-content\plugins\elementor\includes\managers\image.php:86
[01-08-2021 10:48:26] Error E_WARNING: Trying to access array offset on value of type bool in E:\XAMPP\htdocs\Samanta\wp-content\plugins\elementor\includes\managers\image.php:86
[01-08-2021 10:48:26] Error E_WARNING: Trying to access array offset on value of type bool in E:\XAMPP\htdocs\Samanta\wp-content\plugins\elementor\includes\managers\image.php:86
[01-08-2021 10:48:26] Error E_WARNING: Trying to access array offset on value of type bool in E:\XAMPP\htdocs\Samanta\wp-content\plugins\elementor\includes\managers\image.php:86
[01-08-2021 10:48:26] Error E_WARNING: Trying to access array offset on value of type bool in E:\XAMPP\htdocs\Samanta\wp-content\plugins\elementor\includes\managers\image.php:86
[01-08-2021 10:48:26] Error E_WARNING: Trying to access array offset on value of type bool in E:\XAMPP\htdocs\Samanta\wp-content\plugins\elementor\includes\managers\image.php:86
[01-08-2021 10:48:26] Error E_WARNING: Trying to access array offset on value of type bool in E:\XAMPP\htdocs\Samanta\wp-content\plugins\elementor\includes\managers\image.php:86
[01-08-2021 10:48:26] Error E_WARNING: Trying to access array offset on value of type bool in E:\XAMPP\htdocs\Samanta\wp-content\plugins\elementor\includes\managers\image.php:86
[01-08-2021 10:48:26] Error E_WARNING: Trying to access array offset on value of type bool in E:\XAMPP\htdocs\Samanta\wp-content\plugins\elementor\includes\managers\image.php:86
[01-08-2021 10:48:26] Error E_WARNING: Trying to access array offset on value of type bool in E:\XAMPP\htdocs\Samanta\wp-content\plugins\elementor\includes\managers\image.php:86
[01-08-2021 10:48:26] Error E_WARNING: Trying to access array offset on value of type bool in E:\XAMPP\htdocs\Samanta\wp-content\plugins\elementor\includes\managers\image.php:86
[01-08-2021 10:48:26] Error E_WARNING: Trying to access array offset on value of type bool in E:\XAMPP\htdocs\Samanta\wp-content\plugins\elementor\includes\managers\image.php:86
[01-08-2021 10:48:26] Error E_WARNING: Trying to access array offset on value of type bool in E:\XAMPP\htdocs\Samanta\wp-content\plugins\elementor\includes\managers\image.php:86
[01-08-2021 10:48:26] Error E_WARNING: Trying to access array offset on value of type bool in E:\XAMPP\htdocs\Samanta\wp-content\plugins\elementor\includes\managers\image.php:86
[01-08-2021 10:48:26] Error E_WARNING: Trying to access array offset on value of type bool in E:\XAMPP\htdocs\Samanta\wp-content\plugins\elementor\includes\managers\image.php:86
[01-08-2021 10:48:26] Error E_WARNING: Trying to access array offset on value of type bool in E:\XAMPP\htdocs\Samanta\wp-content\plugins\elementor\includes\managers\image.php:86
[01-08-2021 11:01:59] Error E_WARNING: Attempt to read property "post_type" on null in E:\XAMPP\htdocs\Samanta\wp-includes\post-template.php:1322
[01-08-2021 11:01:59] Error E_WARNING: Attempt to read property "post_type" on null in E:\XAMPP\htdocs\Samanta\wp-includes\post-template.php:1322
[01-08-2021 11:01:59] Error E_WARNING: Attempt to read property "post_type" on null in E:\XAMPP\htdocs\Samanta\wp-includes\post-template.php:1322
[01-08-2021 11:10:14] Error E_ERROR: Maximum execution time of 120 seconds exceeded in E:\XAMPP\htdocs\Samanta\wp-includes\wp-db.php:2056
[01-08-2021 11:13:42] Error E_ERROR: Maximum execution time of 120 seconds exceeded in E:\XAMPP\htdocs\Samanta\wp-includes\wp-db.php:2056
[01-08-2021 11:19:14] Error E_ERROR: Maximum execution time of 120 seconds exceeded in E:\XAMPP\htdocs\Samanta\wp-includes\wp-db.php:2056
